<?xml version="1.0" encoding="UTF-8"?>
<testng-results ignored="0" total="1" passed="1" failed="0" skipped="0">
  <reporter-output>
  </reporter-output>
  <suite started-at="2024-09-09T20:50:26 CDT" name="Suite" finished-at="2024-09-09T20:50:27 CDT" duration-ms="1070">
    <groups>
    </groups>
    <test started-at="2024-09-09T20:50:26 CDT" name="Test" finished-at="2024-09-09T20:50:27 CDT" duration-ms="1070">
      <class name="org.iit.healthcare.betabatch.RegistrationTest">
        <test-method signature="validateRegister(java.lang.String,java.lang.String,java.lang.String,java.lang.String,java.lang.String,java.lang.String,java.lang.String,java.lang.String,java.lang.String,java.lang.String,java.lang.String,java.lang.String,java.lang.String,java.lang.String,java.lang.String,java.lang.String,java.lang.String,java.lang.String,java.lang.String)[pri:0, instance:org.iit.healthcare.betabatch.RegistrationTest@44e3760b]" started-at="2024-09-09T20:50:26 CDT" name="validateRegister" finished-at="2024-09-09T20:50:27 CDT" duration-ms="1059" status="PASS">
          <params>
            <param index="0">
              <value>
                <![CDATA[Devi]]>
              </value>
            </param>
            <param index="1">
              <value>
                <![CDATA[Garth]]>
              </value>
            </param>
            <param index="2">
              <value>
                <![CDATA[09/11/1987]]>
              </value>
            </param>
            <param index="3">
              <value>
                <![CDATA[12345678]]>
              </value>
            </param>
            <param index="4">
              <value>
                <![CDATA[3411266267272]]>
              </value>
            </param>
            <param index="5">
              <value>
                <![CDATA[NB]]>
              </value>
            </param>
            <param index="6">
              <value>
                <![CDATA[Omaha]]>
              </value>
            </param>
            <param index="7">
              <value>
                <![CDATA[324, Twin Circle]]>
              </value>
            </param>
            <param index="8">
              <value>
                <![CDATA[123458]]>
              </value>
            </param>
            <param index="9">
              <value>
                <![CDATA[34]]>
              </value>
            </param>
            <param index="10">
              <value>
                <![CDATA[129]]>
              </value>
            </param>
            <param index="11">
              <value>
                <![CDATA[110]]>
              </value>
            </param>
            <param index="12">
              <value>
                <![CDATA[Walgreens]]>
              </value>
            </param>
            <param index="13">
              <value>
                <![CDATA[123 Walgreens]]>
              </value>
            </param>
            <param index="14">
              <value>
                <![CDATA[Devi123@yahoo.com]]>
              </value>
            </param>
            <param index="15">
              <value>
                <![CDATA[123!]]>
              </value>
            </param>
            <param index="16">
              <value>
                <![CDATA[Devi123]]>
              </value>
            </param>
            <param index="17">
              <value>
                <![CDATA[123!]]>
              </value>
            </param>
            <param index="18">
              <value>
                <![CDATA[Goofy]]>
              </value>
            </param>
          </params>
          <reporter-output>
          </reporter-output>
        </test-method> <!-- validateRegister -->
      </class> <!-- org.iit.healthcare.betabatch.RegistrationTest -->
    </test> <!-- Test -->
  </suite> <!-- Suite -->
</testng-results>
